NH-DC-NM129-I06-12U-GPU-246:320446:320446 [1] NCCL INFO cudaDriverVersion 12030
NH-DC-NM129-I06-12U-GPU-246:320446:320446 [1] NCCL INFO Bootstrap: Using ens24np0:192.172.11.2<0>
NH-DC-NM129-I06-12U-GPU-246:320446:320446 [1] NCCL INFO NCCL version 2.26.2+cuda12.2
NH-DC-NM129-I06-12U-GPU-246:320446:320446 [1] NCCL INFO Comm config Blocking set to 1
NH-DC-NM129-I06-12U-GPU-246:320446:320493 [1] NCCL INFO NET/Plugin: Could not find: libnccl-net.so. Using internal net plugin.
NH-DC-NM129-I06-12U-GPU-246:320446:320493 [1] NCCL INFO NET/IB : Using [0]mlx5_cx6_3:1/RoCE [1]mlx5_cx6_2:1/RoCE [2]mlx5_cx4lx_3:1/RoCE [3]mlx5_cx6_1:1/RoCE [4]mlx5_cx6_0:1/RoCE [RO]; OOB ens24np0:192.172.11.2<0>
NH-DC-NM129-I06-12U-GPU-246:320446:320493 [1] NCCL INFO PROFILER/Plugin: Could not find: libnccl-profiler.so. 
NH-DC-NM129-I06-12U-GPU-246:320446:320493 [1] NCCL INFO Using network IB
NH-DC-NM129-I06-12U-GPU-246:320446:320493 [1] NCCL INFO ncclCommInitRankConfig comm 0x8d252b0 rank 1 nranks 8 cudaDev 1 nvmlDev 1 busId 56000 commId 0xa091309cd2afe254 - Init START
NH-DC-NM129-I06-12U-GPU-246:320446:320493 [1] NCCL INFO RAS client listening socket at 127.0.0.1<28028>
NH-DC-NM129-I06-12U-GPU-246:320446:320493 [1] NCCL INFO Bootstrap timings total 0.048389 (create 0.000024, send 0.000088, recv 0.017159, ring 0.000513, delay 0.000000)
NH-DC-NM129-I06-12U-GPU-246:320446:320493 [1] NCCL INFO Setting affinity for GPU 1 to ffffffff,00000000,ffffffff
NH-DC-NM129-I06-12U-GPU-246:320446:320493 [1] NCCL INFO NVLS multicast support is not available on dev 1
NH-DC-NM129-I06-12U-GPU-246:320446:320493 [1] NCCL INFO comm 0x8d252b0 rank 1 nRanks 8 nNodes 1 localRanks 8 localRank 1 MNNVL 0
NH-DC-NM129-I06-12U-GPU-246:320446:320493 [1] NCCL INFO Trees [0] 3/-1/-1->1->0 [1] 3/-1/-1->1->0 [2] 3/-1/-1->1->0 [3] 3/-1/-1->1->0 [4] 3/-1/-1->1->0 [5] 3/-1/-1->1->0 [6] 3/-1/-1->1->0 [7] 3/-1/-1->1->0 [8] 3/-1/-1->1->0 [9] 3/-1/-1->1->0 [10] 3/-1/-1->1->0 [11] 3/-1/-1->1->0 [12] 3/-1/-1->1->0 [13] 3/-1/-1->1->0 [14] 3/-1/-1->1->0 [15] 3/-1/-1->1->0 [16] 3/-1/-1->1->0 [17] 3/-1/-1->1->0 [18] 3/-1/-1->1->0 [19] 3/-1/-1->1->0 [20] 3/-1/-1->1->0 [21] 3/-1/-1->1->0 [22] 3/-1/-1->1->0 [23] 3/-1/-1->1->0
NH-DC-NM129-I06-12U-GPU-246:320446:320493 [1] NCCL INFO P2P Chunksize set to 524288
NH-DC-NM129-I06-12U-GPU-246:320446:320550 [1] NCCL INFO [Proxy Service] Device 1 CPU core 9
NH-DC-NM129-I06-12U-GPU-246:320446:320551 [1] NCCL INFO [Proxy Service UDS] Device 1 CPU core 10
NH-DC-NM129-I06-12U-GPU-246:320446:320493 [1] NCCL INFO threadThresholds 8/8/64 | 64/8/64 | 512 | 512
NH-DC-NM129-I06-12U-GPU-246:320446:320493 [1] NCCL INFO 24 coll channels, 24 collnet channels, 0 nvls channels, 32 p2p channels, 32 p2p channels per peer
NH-DC-NM129-I06-12U-GPU-246:320446:320493 [1] NCCL INFO TUNER/Plugin: Could not find: libnccl-tuner.so. Using internal tuner plugin.
NH-DC-NM129-I06-12U-GPU-246:320446:320493 [1] NCCL INFO ncclCommInitRankConfig comm 0x8d252b0 rank 1 nranks 8 cudaDev 1 nvmlDev 1 busId 56000 commId 0xa091309cd2afe254 - Init COMPLETE
NH-DC-NM129-I06-12U-GPU-246:320446:320493 [1] NCCL INFO Init timings - ncclCommInitRankConfig: rank 1 nranks 8 total 0.81 (kernels 0.15, alloc 0.22, bootstrap 0.05, allgathers 0.00, topo 0.31, graphs 0.00, connections 0.06, rest 0.02)
NH-DC-NM129-I06-12U-GPU-246:320446:320559 [1] NCCL INFO Channel 00/0 : 1[1] -> 3[3] via P2P/CUMEM/read
NH-DC-NM129-I06-12U-GPU-246:320446:320559 [1] NCCL INFO Channel 01/0 : 1[1] -> 3[3] via P2P/CUMEM/read
NH-DC-NM129-I06-12U-GPU-246:320446:320559 [1] NCCL INFO Channel 02/0 : 1[1] -> 3[3] via P2P/CUMEM/read
NH-DC-NM129-I06-12U-GPU-246:320446:320559 [1] NCCL INFO Channel 03/0 : 1[1] -> 3[3] via P2P/CUMEM/read
NH-DC-NM129-I06-12U-GPU-246:320446:320559 [1] NCCL INFO Channel 04/0 : 1[1] -> 3[3] via P2P/CUMEM/read
NH-DC-NM129-I06-12U-GPU-246:320446:320559 [1] NCCL INFO Channel 05/0 : 1[1] -> 3[3] via P2P/CUMEM/read
NH-DC-NM129-I06-12U-GPU-246:320446:320559 [1] NCCL INFO Channel 06/0 : 1[1] -> 3[3] via P2P/CUMEM/read
NH-DC-NM129-I06-12U-GPU-246:320446:320559 [1] NCCL INFO Channel 07/0 : 1[1] -> 3[3] via P2P/CUMEM/read
NH-DC-NM129-I06-12U-GPU-246:320446:320559 [1] NCCL INFO Channel 08/0 : 1[1] -> 3[3] via P2P/CUMEM/read
NH-DC-NM129-I06-12U-GPU-246:320446:320559 [1] NCCL INFO Channel 09/0 : 1[1] -> 3[3] via P2P/CUMEM/read
NH-DC-NM129-I06-12U-GPU-246:320446:320559 [1] NCCL INFO Channel 10/0 : 1[1] -> 3[3] via P2P/CUMEM/read
NH-DC-NM129-I06-12U-GPU-246:320446:320559 [1] NCCL INFO Channel 11/0 : 1[1] -> 3[3] via P2P/CUMEM/read
NH-DC-NM129-I06-12U-GPU-246:320446:320559 [1] NCCL INFO Channel 12/0 : 1[1] -> 3[3] via P2P/CUMEM/read
NH-DC-NM129-I06-12U-GPU-246:320446:320559 [1] NCCL INFO Channel 13/0 : 1[1] -> 3[3] via P2P/CUMEM/read
NH-DC-NM129-I06-12U-GPU-246:320446:320559 [1] NCCL INFO Channel 14/0 : 1[1] -> 3[3] via P2P/CUMEM/read
NH-DC-NM129-I06-12U-GPU-246:320446:320559 [1] NCCL INFO Channel 15/0 : 1[1] -> 3[3] via P2P/CUMEM/read
NH-DC-NM129-I06-12U-GPU-246:320446:320559 [1] NCCL INFO Channel 16/0 : 1[1] -> 3[3] via P2P/CUMEM/read
NH-DC-NM129-I06-12U-GPU-246:320446:320559 [1] NCCL INFO Channel 17/0 : 1[1] -> 3[3] via P2P/CUMEM/read
NH-DC-NM129-I06-12U-GPU-246:320446:320559 [1] NCCL INFO Channel 18/0 : 1[1] -> 3[3] via P2P/CUMEM/read
NH-DC-NM129-I06-12U-GPU-246:320446:320559 [1] NCCL INFO Channel 19/0 : 1[1] -> 3[3] via P2P/CUMEM/read
NH-DC-NM129-I06-12U-GPU-246:320446:320559 [1] NCCL INFO Channel 20/0 : 1[1] -> 3[3] via P2P/CUMEM/read
NH-DC-NM129-I06-12U-GPU-246:320446:320559 [1] NCCL INFO Channel 21/0 : 1[1] -> 3[3] via P2P/CUMEM/read
NH-DC-NM129-I06-12U-GPU-246:320446:320559 [1] NCCL INFO Channel 22/0 : 1[1] -> 3[3] via P2P/CUMEM/read
NH-DC-NM129-I06-12U-GPU-246:320446:320559 [1] NCCL INFO Channel 23/0 : 1[1] -> 3[3] via P2P/CUMEM/read
NH-DC-NM129-I06-12U-GPU-246:320446:320559 [1] NCCL INFO Connected all rings, use ring PXN 0 GDR 1
NH-DC-NM129-I06-12U-GPU-246:320446:320986 [1] NCCL INFO misc/socket.cc:64 -> 3
NH-DC-NM129-I06-12U-GPU-246:320446:320986 [1] NCCL INFO misc/socket.cc:80 -> 3
NH-DC-NM129-I06-12U-GPU-246:320446:320986 [1] NCCL INFO misc/socket.cc:829 -> 3
NH-DC-NM129-I06-12U-GPU-246:320446:320986 [1] NCCL INFO misc/socket.cc:64 -> 3
NH-DC-NM129-I06-12U-GPU-246:320446:320986 [1] NCCL INFO misc/socket.cc:80 -> 3
NH-DC-NM129-I06-12U-GPU-246:320446:320986 [1] NCCL INFO misc/socket.cc:829 -> 3
NH-DC-NM129-I06-12U-GPU-246:320446:320550 [1] NCCL INFO misc/socket.cc:881 -> 3
NH-DC-NM129-I06-12U-GPU-246:320446:320986 [1] NCCL INFO misc/socket.cc:64 -> 3
NH-DC-NM129-I06-12U-GPU-246:320446:320986 [1] NCCL INFO misc/socket.cc:80 -> 3
NH-DC-NM129-I06-12U-GPU-246:320446:320986 [1] NCCL INFO misc/socket.cc:829 -> 3
NH-DC-NM129-I06-12U-GPU-246:320446:320550 [1] NCCL INFO misc/socket.cc:881 -> 3
NH-DC-NM129-I06-12U-GPU-246:320446:320986 [1] NCCL INFO comm 0x8d252b0 rank 1 nranks 8 cudaDev 1 busId 56000 - Abort COMPLETE
