NH-DC-NM129-I06-12U-GPU-246:325323:325323 [6] NCCL INFO cudaDriverVersion 12030
NH-DC-NM129-I06-12U-GPU-246:325323:325323 [6] NCCL INFO Bootstrap: Using ens24np0:192.172.11.2<0>
NH-DC-NM129-I06-12U-GPU-246:325323:325323 [6] NCCL INFO NCCL version 2.26.2+cuda12.2
NH-DC-NM129-I06-12U-GPU-246:325323:325323 [6] NCCL INFO Comm config Blocking set to 1
NH-DC-NM129-I06-12U-GPU-246:325323:325363 [6] NCCL INFO NET/Plugin: Could not find: libnccl-net.so. Using internal net plugin.
NH-DC-NM129-I06-12U-GPU-246:325323:325363 [6] NCCL INFO NET/IB : Using [0]mlx5_cx6_3:1/RoCE [1]mlx5_cx6_2:1/RoCE [2]mlx5_cx4lx_3:1/RoCE [3]mlx5_cx6_1:1/RoCE [4]mlx5_cx6_0:1/RoCE [RO]; OOB ens24np0:192.172.11.2<0>
NH-DC-NM129-I06-12U-GPU-246:325323:325363 [6] NCCL INFO PROFILER/Plugin: Could not find: libnccl-profiler.so. 
NH-DC-NM129-I06-12U-GPU-246:325323:325363 [6] NCCL INFO Using network IB
NH-DC-NM129-I06-12U-GPU-246:325323:325363 [6] NCCL INFO ncclCommInitRankConfig comm 0x78a6ed0 rank 6 nranks 8 cudaDev 6 nvmlDev 6 busId d4000 commId 0x7b329e4c2dc7a417 - Init START
NH-DC-NM129-I06-12U-GPU-246:325323:325363 [6] NCCL INFO RAS client listening socket at 127.0.0.1<28028>
NH-DC-NM129-I06-12U-GPU-246:325323:325363 [6] NCCL INFO Bootstrap timings total 0.101713 (create 0.000035, send 0.000154, recv 0.000273, ring 0.100752, delay 0.000001)
NH-DC-NM129-I06-12U-GPU-246:325323:325363 [6] NCCL INFO Setting affinity for GPU 6 to ffffffff,00000000,ffffffff,00000000
NH-DC-NM129-I06-12U-GPU-246:325323:325363 [6] NCCL INFO NVLS multicast support is not available on dev 6
NH-DC-NM129-I06-12U-GPU-246:325323:325363 [6] NCCL INFO comm 0x78a6ed0 rank 6 nRanks 8 nNodes 1 localRanks 8 localRank 6 MNNVL 0
NH-DC-NM129-I06-12U-GPU-246:325323:325363 [6] NCCL INFO Trees [0] 7/-1/-1->6->5 [1] 7/-1/-1->6->5 [2] 7/-1/-1->6->5 [3] 7/-1/-1->6->5 [4] 7/-1/-1->6->5 [5] 7/-1/-1->6->5 [6] 7/-1/-1->6->5 [7] 7/-1/-1->6->5 [8] 7/-1/-1->6->5 [9] 7/-1/-1->6->5 [10] 7/-1/-1->6->5 [11] 7/-1/-1->6->5 [12] 7/-1/-1->6->5 [13] 7/-1/-1->6->5 [14] 7/-1/-1->6->5 [15] 7/-1/-1->6->5 [16] 7/-1/-1->6->5 [17] 7/-1/-1->6->5 [18] 7/-1/-1->6->5 [19] 7/-1/-1->6->5 [20] 7/-1/-1->6->5 [21] 7/-1/-1->6->5 [22] 7/-1/-1->6->5 [23] 7/-1/-1->6->5
NH-DC-NM129-I06-12U-GPU-246:325323:325363 [6] NCCL INFO P2P Chunksize set to 524288
NH-DC-NM129-I06-12U-GPU-246:325323:325418 [6] NCCL INFO [Proxy Service UDS] Device 6 CPU core 45
NH-DC-NM129-I06-12U-GPU-246:325323:325415 [6] NCCL INFO [Proxy Service] Device 6 CPU core 44
NH-DC-NM129-I06-12U-GPU-246:325323:325363 [6] NCCL INFO threadThresholds 8/8/64 | 64/8/64 | 512 | 512
NH-DC-NM129-I06-12U-GPU-246:325323:325363 [6] NCCL INFO 24 coll channels, 24 collnet channels, 0 nvls channels, 32 p2p channels, 32 p2p channels per peer
NH-DC-NM129-I06-12U-GPU-246:325323:325363 [6] NCCL INFO TUNER/Plugin: Could not find: libnccl-tuner.so. Using internal tuner plugin.
NH-DC-NM129-I06-12U-GPU-246:325323:325363 [6] NCCL INFO ncclCommInitRankConfig comm 0x78a6ed0 rank 6 nranks 8 cudaDev 6 nvmlDev 6 busId d4000 commId 0x7b329e4c2dc7a417 - Init COMPLETE
NH-DC-NM129-I06-12U-GPU-246:325323:325363 [6] NCCL INFO Init timings - ncclCommInitRankConfig: rank 6 nranks 8 total 0.86 (kernels 0.16, alloc 0.21, bootstrap 0.10, allgathers 0.00, topo 0.31, graphs 0.00, connections 0.05, rest 0.02)
NH-DC-NM129-I06-12U-GPU-246:325323:325436 [6] NCCL INFO Channel 00/0 : 6[6] -> 7[7] via P2P/CUMEM/read
NH-DC-NM129-I06-12U-GPU-246:325323:325436 [6] NCCL INFO Channel 01/0 : 6[6] -> 7[7] via P2P/CUMEM/read
NH-DC-NM129-I06-12U-GPU-246:325323:325436 [6] NCCL INFO Channel 02/0 : 6[6] -> 7[7] via P2P/CUMEM/read
NH-DC-NM129-I06-12U-GPU-246:325323:325436 [6] NCCL INFO Channel 03/0 : 6[6] -> 7[7] via P2P/CUMEM/read
NH-DC-NM129-I06-12U-GPU-246:325323:325436 [6] NCCL INFO Channel 04/0 : 6[6] -> 7[7] via P2P/CUMEM/read
NH-DC-NM129-I06-12U-GPU-246:325323:325436 [6] NCCL INFO Channel 05/0 : 6[6] -> 7[7] via P2P/CUMEM/read
NH-DC-NM129-I06-12U-GPU-246:325323:325436 [6] NCCL INFO Channel 06/0 : 6[6] -> 7[7] via P2P/CUMEM/read
NH-DC-NM129-I06-12U-GPU-246:325323:325436 [6] NCCL INFO Channel 07/0 : 6[6] -> 7[7] via P2P/CUMEM/read
NH-DC-NM129-I06-12U-GPU-246:325323:325436 [6] NCCL INFO Channel 08/0 : 6[6] -> 7[7] via P2P/CUMEM/read
NH-DC-NM129-I06-12U-GPU-246:325323:325436 [6] NCCL INFO Channel 09/0 : 6[6] -> 7[7] via P2P/CUMEM/read
NH-DC-NM129-I06-12U-GPU-246:325323:325436 [6] NCCL INFO Channel 10/0 : 6[6] -> 7[7] via P2P/CUMEM/read
NH-DC-NM129-I06-12U-GPU-246:325323:325436 [6] NCCL INFO Channel 11/0 : 6[6] -> 7[7] via P2P/CUMEM/read
NH-DC-NM129-I06-12U-GPU-246:325323:325436 [6] NCCL INFO Channel 12/0 : 6[6] -> 7[7] via P2P/CUMEM/read
NH-DC-NM129-I06-12U-GPU-246:325323:325436 [6] NCCL INFO Channel 13/0 : 6[6] -> 7[7] via P2P/CUMEM/read
NH-DC-NM129-I06-12U-GPU-246:325323:325436 [6] NCCL INFO Channel 14/0 : 6[6] -> 7[7] via P2P/CUMEM/read
NH-DC-NM129-I06-12U-GPU-246:325323:325436 [6] NCCL INFO Channel 15/0 : 6[6] -> 7[7] via P2P/CUMEM/read
NH-DC-NM129-I06-12U-GPU-246:325323:325436 [6] NCCL INFO Channel 16/0 : 6[6] -> 7[7] via P2P/CUMEM/read
NH-DC-NM129-I06-12U-GPU-246:325323:325436 [6] NCCL INFO Channel 17/0 : 6[6] -> 7[7] via P2P/CUMEM/read
NH-DC-NM129-I06-12U-GPU-246:325323:325436 [6] NCCL INFO Channel 18/0 : 6[6] -> 7[7] via P2P/CUMEM/read
NH-DC-NM129-I06-12U-GPU-246:325323:325436 [6] NCCL INFO Channel 19/0 : 6[6] -> 7[7] via P2P/CUMEM/read
NH-DC-NM129-I06-12U-GPU-246:325323:325436 [6] NCCL INFO Channel 20/0 : 6[6] -> 7[7] via P2P/CUMEM/read
NH-DC-NM129-I06-12U-GPU-246:325323:325436 [6] NCCL INFO Channel 21/0 : 6[6] -> 7[7] via P2P/CUMEM/read
NH-DC-NM129-I06-12U-GPU-246:325323:325436 [6] NCCL INFO Channel 22/0 : 6[6] -> 7[7] via P2P/CUMEM/read
NH-DC-NM129-I06-12U-GPU-246:325323:325436 [6] NCCL INFO Channel 23/0 : 6[6] -> 7[7] via P2P/CUMEM/read
NH-DC-NM129-I06-12U-GPU-246:325323:325436 [6] NCCL INFO Connected all rings, use ring PXN 0 GDR 1
NH-DC-NM129-I06-12U-GPU-246:325323:325852 [6] NCCL INFO misc/socket.cc:64 -> 3
NH-DC-NM129-I06-12U-GPU-246:325323:325852 [6] NCCL INFO misc/socket.cc:80 -> 3
NH-DC-NM129-I06-12U-GPU-246:325323:325852 [6] NCCL INFO misc/socket.cc:829 -> 3
NH-DC-NM129-I06-12U-GPU-246:325323:325852 [6] NCCL INFO misc/socket.cc:64 -> 3
NH-DC-NM129-I06-12U-GPU-246:325323:325852 [6] NCCL INFO misc/socket.cc:80 -> 3
NH-DC-NM129-I06-12U-GPU-246:325323:325852 [6] NCCL INFO misc/socket.cc:829 -> 3
NH-DC-NM129-I06-12U-GPU-246:325323:325415 [6] NCCL INFO misc/socket.cc:881 -> 3
NH-DC-NM129-I06-12U-GPU-246:325323:325852 [6] NCCL INFO misc/socket.cc:64 -> 3
NH-DC-NM129-I06-12U-GPU-246:325323:325852 [6] NCCL INFO misc/socket.cc:80 -> 3
NH-DC-NM129-I06-12U-GPU-246:325323:325852 [6] NCCL INFO misc/socket.cc:829 -> 3
NH-DC-NM129-I06-12U-GPU-246:325323:325415 [6] NCCL INFO misc/socket.cc:881 -> 3
NH-DC-NM129-I06-12U-GPU-246:325323:325415 [6] NCCL INFO misc/socket.cc:881 -> 3
NH-DC-NM129-I06-12U-GPU-246:325323:325852 [6] NCCL INFO comm 0x78a6ed0 rank 6 nranks 8 cudaDev 6 busId d4000 - Abort COMPLETE
