NH-DC-NM129-I06-12U-GPU-246:325319:325319 [2] NCCL INFO cudaDriverVersion 12030
NH-DC-NM129-I06-12U-GPU-246:325319:325319 [2] NCCL INFO Bootstrap: Using ens24np0:192.172.11.2<0>
NH-DC-NM129-I06-12U-GPU-246:325319:325319 [2] NCCL INFO NCCL version 2.26.2+cuda12.2
NH-DC-NM129-I06-12U-GPU-246:325319:325319 [2] NCCL INFO Comm config Blocking set to 1
NH-DC-NM129-I06-12U-GPU-246:325319:325361 [2] NCCL INFO NET/Plugin: Could not find: libnccl-net.so. Using internal net plugin.
NH-DC-NM129-I06-12U-GPU-246:325319:325361 [2] NCCL INFO NET/IB : Using [0]mlx5_cx6_3:1/RoCE [1]mlx5_cx6_2:1/RoCE [2]mlx5_cx4lx_3:1/RoCE [3]mlx5_cx6_1:1/RoCE [4]mlx5_cx6_0:1/RoCE [RO]; OOB ens24np0:192.172.11.2<0>
NH-DC-NM129-I06-12U-GPU-246:325319:325361 [2] NCCL INFO PROFILER/Plugin: Could not find: libnccl-profiler.so. 
NH-DC-NM129-I06-12U-GPU-246:325319:325361 [2] NCCL INFO Using network IB
NH-DC-NM129-I06-12U-GPU-246:325319:325361 [2] NCCL INFO ncclCommInitRankConfig comm 0x81976f0 rank 2 nranks 8 cudaDev 2 nvmlDev 2 busId 6b000 commId 0x7b329e4c2dc7a417 - Init START
NH-DC-NM129-I06-12U-GPU-246:325319:325361 [2] NCCL INFO RAS client listening socket at 127.0.0.1<28028>
NH-DC-NM129-I06-12U-GPU-246:325319:325361 [2] NCCL INFO Bootstrap timings total 0.162560 (create 0.000022, send 0.000095, recv 0.060106, ring 0.000135, delay 0.000000)
NH-DC-NM129-I06-12U-GPU-246:325319:325361 [2] NCCL INFO Setting affinity for GPU 2 to ffffffff,00000000,ffffffff
NH-DC-NM129-I06-12U-GPU-246:325319:325361 [2] NCCL INFO NVLS multicast support is not available on dev 2
NH-DC-NM129-I06-12U-GPU-246:325319:325361 [2] NCCL INFO comm 0x81976f0 rank 2 nRanks 8 nNodes 1 localRanks 8 localRank 2 MNNVL 0
NH-DC-NM129-I06-12U-GPU-246:325319:325361 [2] NCCL INFO Trees [0] 4/-1/-1->2->3 [1] 4/-1/-1->2->3 [2] 4/-1/-1->2->3 [3] 4/-1/-1->2->3 [4] 4/-1/-1->2->3 [5] 4/-1/-1->2->3 [6] 4/-1/-1->2->3 [7] 4/-1/-1->2->3 [8] 4/-1/-1->2->3 [9] 4/-1/-1->2->3 [10] 4/-1/-1->2->3 [11] 4/-1/-1->2->3 [12] 4/-1/-1->2->3 [13] 4/-1/-1->2->3 [14] 4/-1/-1->2->3 [15] 4/-1/-1->2->3 [16] 4/-1/-1->2->3 [17] 4/-1/-1->2->3 [18] 4/-1/-1->2->3 [19] 4/-1/-1->2->3 [20] 4/-1/-1->2->3 [21] 4/-1/-1->2->3 [22] 4/-1/-1->2->3 [23] 4/-1/-1->2->3
NH-DC-NM129-I06-12U-GPU-246:325319:325361 [2] NCCL INFO P2P Chunksize set to 524288
NH-DC-NM129-I06-12U-GPU-246:325319:325417 [2] NCCL INFO [Proxy Service] Device 2 CPU core 16
NH-DC-NM129-I06-12U-GPU-246:325319:325419 [2] NCCL INFO [Proxy Service UDS] Device 2 CPU core 17
NH-DC-NM129-I06-12U-GPU-246:325319:325361 [2] NCCL INFO threadThresholds 8/8/64 | 64/8/64 | 512 | 512
NH-DC-NM129-I06-12U-GPU-246:325319:325361 [2] NCCL INFO 24 coll channels, 24 collnet channels, 0 nvls channels, 32 p2p channels, 32 p2p channels per peer
NH-DC-NM129-I06-12U-GPU-246:325319:325361 [2] NCCL INFO TUNER/Plugin: Could not find: libnccl-tuner.so. Using internal tuner plugin.
NH-DC-NM129-I06-12U-GPU-246:325319:325361 [2] NCCL INFO ncclCommInitRankConfig comm 0x81976f0 rank 2 nranks 8 cudaDev 2 nvmlDev 2 busId 6b000 commId 0x7b329e4c2dc7a417 - Init COMPLETE
NH-DC-NM129-I06-12U-GPU-246:325319:325361 [2] NCCL INFO Init timings - ncclCommInitRankConfig: rank 2 nranks 8 total 0.87 (kernels 0.15, alloc 0.18, bootstrap 0.16, allgathers 0.00, topo 0.31, graphs 0.00, connections 0.05, rest 0.02)
NH-DC-NM129-I06-12U-GPU-246:325319:325435 [2] NCCL INFO Channel 00/0 : 2[2] -> 4[4] via P2P/CUMEM/read
NH-DC-NM129-I06-12U-GPU-246:325319:325435 [2] NCCL INFO Channel 01/0 : 2[2] -> 4[4] via P2P/CUMEM/read
NH-DC-NM129-I06-12U-GPU-246:325319:325435 [2] NCCL INFO Channel 02/0 : 2[2] -> 4[4] via P2P/CUMEM/read
NH-DC-NM129-I06-12U-GPU-246:325319:325435 [2] NCCL INFO Channel 03/0 : 2[2] -> 4[4] via P2P/CUMEM/read
NH-DC-NM129-I06-12U-GPU-246:325319:325435 [2] NCCL INFO Channel 04/0 : 2[2] -> 4[4] via P2P/CUMEM/read
NH-DC-NM129-I06-12U-GPU-246:325319:325435 [2] NCCL INFO Channel 05/0 : 2[2] -> 4[4] via P2P/CUMEM/read
NH-DC-NM129-I06-12U-GPU-246:325319:325435 [2] NCCL INFO Channel 06/0 : 2[2] -> 4[4] via P2P/CUMEM/read
NH-DC-NM129-I06-12U-GPU-246:325319:325435 [2] NCCL INFO Channel 07/0 : 2[2] -> 4[4] via P2P/CUMEM/read
NH-DC-NM129-I06-12U-GPU-246:325319:325435 [2] NCCL INFO Channel 08/0 : 2[2] -> 4[4] via P2P/CUMEM/read
NH-DC-NM129-I06-12U-GPU-246:325319:325435 [2] NCCL INFO Channel 09/0 : 2[2] -> 4[4] via P2P/CUMEM/read
NH-DC-NM129-I06-12U-GPU-246:325319:325435 [2] NCCL INFO Channel 10/0 : 2[2] -> 4[4] via P2P/CUMEM/read
NH-DC-NM129-I06-12U-GPU-246:325319:325435 [2] NCCL INFO Channel 11/0 : 2[2] -> 4[4] via P2P/CUMEM/read
NH-DC-NM129-I06-12U-GPU-246:325319:325435 [2] NCCL INFO Channel 12/0 : 2[2] -> 4[4] via P2P/CUMEM/read
NH-DC-NM129-I06-12U-GPU-246:325319:325435 [2] NCCL INFO Channel 13/0 : 2[2] -> 4[4] via P2P/CUMEM/read
NH-DC-NM129-I06-12U-GPU-246:325319:325435 [2] NCCL INFO Channel 14/0 : 2[2] -> 4[4] via P2P/CUMEM/read
NH-DC-NM129-I06-12U-GPU-246:325319:325435 [2] NCCL INFO Channel 15/0 : 2[2] -> 4[4] via P2P/CUMEM/read
NH-DC-NM129-I06-12U-GPU-246:325319:325435 [2] NCCL INFO Channel 16/0 : 2[2] -> 4[4] via P2P/CUMEM/read
NH-DC-NM129-I06-12U-GPU-246:325319:325435 [2] NCCL INFO Channel 17/0 : 2[2] -> 4[4] via P2P/CUMEM/read
NH-DC-NM129-I06-12U-GPU-246:325319:325435 [2] NCCL INFO Channel 18/0 : 2[2] -> 4[4] via P2P/CUMEM/read
NH-DC-NM129-I06-12U-GPU-246:325319:325435 [2] NCCL INFO Channel 19/0 : 2[2] -> 4[4] via P2P/CUMEM/read
NH-DC-NM129-I06-12U-GPU-246:325319:325435 [2] NCCL INFO Channel 20/0 : 2[2] -> 4[4] via P2P/CUMEM/read
NH-DC-NM129-I06-12U-GPU-246:325319:325435 [2] NCCL INFO Channel 21/0 : 2[2] -> 4[4] via P2P/CUMEM/read
NH-DC-NM129-I06-12U-GPU-246:325319:325435 [2] NCCL INFO Channel 22/0 : 2[2] -> 4[4] via P2P/CUMEM/read
NH-DC-NM129-I06-12U-GPU-246:325319:325435 [2] NCCL INFO Channel 23/0 : 2[2] -> 4[4] via P2P/CUMEM/read
NH-DC-NM129-I06-12U-GPU-246:325319:325435 [2] NCCL INFO Connected all rings, use ring PXN 0 GDR 1
NH-DC-NM129-I06-12U-GPU-246:325319:325848 [2] NCCL INFO misc/socket.cc:64 -> 3
NH-DC-NM129-I06-12U-GPU-246:325319:325848 [2] NCCL INFO misc/socket.cc:80 -> 3
NH-DC-NM129-I06-12U-GPU-246:325319:325417 [2] NCCL INFO misc/socket.cc:881 -> 3
NH-DC-NM129-I06-12U-GPU-246:325319:325848 [2] NCCL INFO misc/socket.cc:829 -> 3
NH-DC-NM129-I06-12U-GPU-246:325319:325848 [2] NCCL INFO misc/socket.cc:64 -> 3
NH-DC-NM129-I06-12U-GPU-246:325319:325848 [2] NCCL INFO misc/socket.cc:80 -> 3
NH-DC-NM129-I06-12U-GPU-246:325319:325848 [2] NCCL INFO misc/socket.cc:829 -> 3
NH-DC-NM129-I06-12U-GPU-246:325319:325848 [2] NCCL INFO misc/socket.cc:64 -> 3
NH-DC-NM129-I06-12U-GPU-246:325319:325848 [2] NCCL INFO misc/socket.cc:80 -> 3
NH-DC-NM129-I06-12U-GPU-246:325319:325848 [2] NCCL INFO misc/socket.cc:829 -> 3
NH-DC-NM129-I06-12U-GPU-246:325319:325417 [2] NCCL INFO misc/socket.cc:881 -> 3
NH-DC-NM129-I06-12U-GPU-246:325319:325848 [2] NCCL INFO comm 0x81976f0 rank 2 nranks 8 cudaDev 2 busId 6b000 - Abort COMPLETE
