NH-DC-NM129-I06-12U-GPU-246:324712:324712 [4] NCCL INFO cudaDriverVersion 12030
NH-DC-NM129-I06-12U-GPU-246:324712:324712 [4] NCCL INFO Bootstrap: Using ens24np0:192.172.11.2<0>
NH-DC-NM129-I06-12U-GPU-246:324712:324712 [4] NCCL INFO NCCL version 2.26.2+cuda12.2
NH-DC-NM129-I06-12U-GPU-246:324712:324712 [4] NCCL INFO Comm config Blocking set to 1
NH-DC-NM129-I06-12U-GPU-246:324712:324767 [4] NCCL INFO NET/Plugin: Could not find: libnccl-net.so. Using internal net plugin.
NH-DC-NM129-I06-12U-GPU-246:324712:324767 [4] NCCL INFO NET/IB : Using [0]mlx5_cx6_3:1/RoCE [1]mlx5_cx6_2:1/RoCE [2]mlx5_cx4lx_3:1/RoCE [3]mlx5_cx6_1:1/RoCE [4]mlx5_cx6_0:1/RoCE [RO]; OOB ens24np0:192.172.11.2<0>
NH-DC-NM129-I06-12U-GPU-246:324712:324767 [4] NCCL INFO PROFILER/Plugin: Could not find: libnccl-profiler.so. 
NH-DC-NM129-I06-12U-GPU-246:324712:324767 [4] NCCL INFO Using network IB
NH-DC-NM129-I06-12U-GPU-246:324712:324767 [4] NCCL INFO ncclCommInitRankConfig comm 0x8f48a80 rank 4 nranks 8 cudaDev 4 nvmlDev 4 busId 8b000 commId 0xb796b64b3cc56110 - Init START
NH-DC-NM129-I06-12U-GPU-246:324712:324767 [4] NCCL INFO RAS client listening socket at 127.0.0.1<28028>
NH-DC-NM129-I06-12U-GPU-246:324712:324767 [4] NCCL INFO Bootstrap timings total 0.000793 (create 0.000022, send 0.000077, recv 0.000300, ring 0.000141, delay 0.000000)
NH-DC-NM129-I06-12U-GPU-246:324712:324767 [4] NCCL INFO Setting affinity for GPU 4 to ffffffff,00000000,ffffffff,00000000
NH-DC-NM129-I06-12U-GPU-246:324712:324767 [4] NCCL INFO NVLS multicast support is not available on dev 4
NH-DC-NM129-I06-12U-GPU-246:324712:324767 [4] NCCL INFO comm 0x8f48a80 rank 4 nRanks 8 nNodes 1 localRanks 8 localRank 4 MNNVL 0
NH-DC-NM129-I06-12U-GPU-246:324712:324767 [4] NCCL INFO Trees [0] 5/-1/-1->4->2 [1] 5/-1/-1->4->2 [2] 5/-1/-1->4->2 [3] 5/-1/-1->4->2 [4] 5/-1/-1->4->2 [5] 5/-1/-1->4->2 [6] 5/-1/-1->4->2 [7] 5/-1/-1->4->2 [8] 5/-1/-1->4->2 [9] 5/-1/-1->4->2 [10] 5/-1/-1->4->2 [11] 5/-1/-1->4->2 [12] 5/-1/-1->4->2 [13] 5/-1/-1->4->2 [14] 5/-1/-1->4->2 [15] 5/-1/-1->4->2 [16] 5/-1/-1->4->2 [17] 5/-1/-1->4->2 [18] 5/-1/-1->4->2 [19] 5/-1/-1->4->2 [20] 5/-1/-1->4->2 [21] 5/-1/-1->4->2 [22] 5/-1/-1->4->2 [23] 5/-1/-1->4->2
NH-DC-NM129-I06-12U-GPU-246:324712:324767 [4] NCCL INFO P2P Chunksize set to 524288
NH-DC-NM129-I06-12U-GPU-246:324712:324810 [4] NCCL INFO [Proxy Service UDS] Device 4 CPU core 51
NH-DC-NM129-I06-12U-GPU-246:324712:324809 [4] NCCL INFO [Proxy Service] Device 4 CPU core 49
NH-DC-NM129-I06-12U-GPU-246:324712:324767 [4] NCCL INFO threadThresholds 8/8/64 | 64/8/64 | 512 | 512
NH-DC-NM129-I06-12U-GPU-246:324712:324767 [4] NCCL INFO 24 coll channels, 24 collnet channels, 0 nvls channels, 32 p2p channels, 32 p2p channels per peer
NH-DC-NM129-I06-12U-GPU-246:324712:324767 [4] NCCL INFO TUNER/Plugin: Could not find: libnccl-tuner.so. Using internal tuner plugin.
NH-DC-NM129-I06-12U-GPU-246:324712:324767 [4] NCCL INFO ncclCommInitRankConfig comm 0x8f48a80 rank 4 nranks 8 cudaDev 4 nvmlDev 4 busId 8b000 commId 0xb796b64b3cc56110 - Init COMPLETE
NH-DC-NM129-I06-12U-GPU-246:324712:324767 [4] NCCL INFO Init timings - ncclCommInitRankConfig: rank 4 nranks 8 total 0.77 (kernels 0.14, alloc 0.20, bootstrap 0.00, allgathers 0.01, topo 0.34, graphs 0.00, connections 0.05, rest 0.02)
NH-DC-NM129-I06-12U-GPU-246:324712:324825 [4] NCCL INFO Channel 00/0 : 4[4] -> 5[5] via P2P/CUMEM/read
NH-DC-NM129-I06-12U-GPU-246:324712:324825 [4] NCCL INFO Channel 01/0 : 4[4] -> 5[5] via P2P/CUMEM/read
NH-DC-NM129-I06-12U-GPU-246:324712:324825 [4] NCCL INFO Channel 02/0 : 4[4] -> 5[5] via P2P/CUMEM/read
NH-DC-NM129-I06-12U-GPU-246:324712:324825 [4] NCCL INFO Channel 03/0 : 4[4] -> 5[5] via P2P/CUMEM/read
NH-DC-NM129-I06-12U-GPU-246:324712:324825 [4] NCCL INFO Channel 04/0 : 4[4] -> 5[5] via P2P/CUMEM/read
NH-DC-NM129-I06-12U-GPU-246:324712:324825 [4] NCCL INFO Channel 05/0 : 4[4] -> 5[5] via P2P/CUMEM/read
NH-DC-NM129-I06-12U-GPU-246:324712:324825 [4] NCCL INFO Channel 06/0 : 4[4] -> 5[5] via P2P/CUMEM/read
NH-DC-NM129-I06-12U-GPU-246:324712:324825 [4] NCCL INFO Channel 07/0 : 4[4] -> 5[5] via P2P/CUMEM/read
NH-DC-NM129-I06-12U-GPU-246:324712:324825 [4] NCCL INFO Channel 08/0 : 4[4] -> 5[5] via P2P/CUMEM/read
NH-DC-NM129-I06-12U-GPU-246:324712:324825 [4] NCCL INFO Channel 09/0 : 4[4] -> 5[5] via P2P/CUMEM/read
NH-DC-NM129-I06-12U-GPU-246:324712:324825 [4] NCCL INFO Channel 10/0 : 4[4] -> 5[5] via P2P/CUMEM/read
NH-DC-NM129-I06-12U-GPU-246:324712:324825 [4] NCCL INFO Channel 11/0 : 4[4] -> 5[5] via P2P/CUMEM/read
NH-DC-NM129-I06-12U-GPU-246:324712:324825 [4] NCCL INFO Channel 12/0 : 4[4] -> 5[5] via P2P/CUMEM/read
NH-DC-NM129-I06-12U-GPU-246:324712:324825 [4] NCCL INFO Channel 13/0 : 4[4] -> 5[5] via P2P/CUMEM/read
NH-DC-NM129-I06-12U-GPU-246:324712:324825 [4] NCCL INFO Channel 14/0 : 4[4] -> 5[5] via P2P/CUMEM/read
NH-DC-NM129-I06-12U-GPU-246:324712:324825 [4] NCCL INFO Channel 15/0 : 4[4] -> 5[5] via P2P/CUMEM/read
NH-DC-NM129-I06-12U-GPU-246:324712:324825 [4] NCCL INFO Channel 16/0 : 4[4] -> 5[5] via P2P/CUMEM/read
NH-DC-NM129-I06-12U-GPU-246:324712:324825 [4] NCCL INFO Channel 17/0 : 4[4] -> 5[5] via P2P/CUMEM/read
NH-DC-NM129-I06-12U-GPU-246:324712:324825 [4] NCCL INFO Channel 18/0 : 4[4] -> 5[5] via P2P/CUMEM/read
NH-DC-NM129-I06-12U-GPU-246:324712:324825 [4] NCCL INFO Channel 19/0 : 4[4] -> 5[5] via P2P/CUMEM/read
NH-DC-NM129-I06-12U-GPU-246:324712:324825 [4] NCCL INFO Channel 20/0 : 4[4] -> 5[5] via P2P/CUMEM/read
NH-DC-NM129-I06-12U-GPU-246:324712:324825 [4] NCCL INFO Channel 21/0 : 4[4] -> 5[5] via P2P/CUMEM/read
NH-DC-NM129-I06-12U-GPU-246:324712:324825 [4] NCCL INFO Channel 22/0 : 4[4] -> 5[5] via P2P/CUMEM/read
NH-DC-NM129-I06-12U-GPU-246:324712:324825 [4] NCCL INFO Channel 23/0 : 4[4] -> 5[5] via P2P/CUMEM/read
NH-DC-NM129-I06-12U-GPU-246:324712:324825 [4] NCCL INFO Connected all rings, use ring PXN 0 GDR 1
NH-DC-NM129-I06-12U-GPU-246:324712:325237 [4] NCCL INFO misc/socket.cc:64 -> 3
NH-DC-NM129-I06-12U-GPU-246:324712:325237 [4] NCCL INFO misc/socket.cc:80 -> 3
NH-DC-NM129-I06-12U-GPU-246:324712:325237 [4] NCCL INFO misc/socket.cc:829 -> 3
NH-DC-NM129-I06-12U-GPU-246:324712:325237 [4] NCCL INFO misc/socket.cc:64 -> 3
NH-DC-NM129-I06-12U-GPU-246:324712:325237 [4] NCCL INFO misc/socket.cc:80 -> 3
NH-DC-NM129-I06-12U-GPU-246:324712:325237 [4] NCCL INFO misc/socket.cc:829 -> 3
NH-DC-NM129-I06-12U-GPU-246:324712:325237 [4] NCCL INFO misc/socket.cc:64 -> 3
NH-DC-NM129-I06-12U-GPU-246:324712:325237 [4] NCCL INFO misc/socket.cc:80 -> 3
NH-DC-NM129-I06-12U-GPU-246:324712:325237 [4] NCCL INFO misc/socket.cc:829 -> 3
NH-DC-NM129-I06-12U-GPU-246:324712:324809 [4] NCCL INFO misc/socket.cc:881 -> 3
NH-DC-NM129-I06-12U-GPU-246:324712:324809 [4] NCCL INFO misc/socket.cc:881 -> 3
NH-DC-NM129-I06-12U-GPU-246:324712:324809 [4] NCCL INFO misc/socket.cc:881 -> 3
NH-DC-NM129-I06-12U-GPU-246:324712:325237 [4] NCCL INFO comm 0x8f48a80 rank 4 nranks 8 cudaDev 4 busId 8b000 - Abort COMPLETE
