NH-DC-NM129-I06-12U-GPU-246:324715:324715 [7] NCCL INFO cudaDriverVersion 12030
NH-DC-NM129-I06-12U-GPU-246:324715:324715 [7] NCCL INFO Bootstrap: Using ens24np0:192.172.11.2<0>
NH-DC-NM129-I06-12U-GPU-246:324715:324715 [7] NCCL INFO NCCL version 2.26.2+cuda12.2
NH-DC-NM129-I06-12U-GPU-246:324715:324715 [7] NCCL INFO Comm config Blocking set to 1
NH-DC-NM129-I06-12U-GPU-246:324715:324768 [7] NCCL INFO NET/Plugin: Could not find: libnccl-net.so. Using internal net plugin.
NH-DC-NM129-I06-12U-GPU-246:324715:324768 [7] NCCL INFO NET/IB : Using [0]mlx5_cx6_3:1/RoCE [1]mlx5_cx6_2:1/RoCE [2]mlx5_cx4lx_3:1/RoCE [3]mlx5_cx6_1:1/RoCE [4]mlx5_cx6_0:1/RoCE [RO]; OOB ens24np0:192.172.11.2<0>
NH-DC-NM129-I06-12U-GPU-246:324715:324768 [7] NCCL INFO PROFILER/Plugin: Could not find: libnccl-profiler.so. 
NH-DC-NM129-I06-12U-GPU-246:324715:324768 [7] NCCL INFO Using network IB
NH-DC-NM129-I06-12U-GPU-246:324715:324768 [7] NCCL INFO ncclCommInitRankConfig comm 0x889daf0 rank 7 nranks 8 cudaDev 7 nvmlDev 7 busId d7000 commId 0xb796b64b3cc56110 - Init START
NH-DC-NM129-I06-12U-GPU-246:324715:324768 [7] NCCL INFO RAS client listening socket at 127.0.0.1<28028>
NH-DC-NM129-I06-12U-GPU-246:324715:324768 [7] NCCL INFO Bootstrap timings total 0.042456 (create 0.000044, send 0.000210, recv 0.000301, ring 0.041241, delay 0.000001)
NH-DC-NM129-I06-12U-GPU-246:324715:324768 [7] NCCL INFO Setting affinity for GPU 7 to ffffffff,00000000,ffffffff,00000000
NH-DC-NM129-I06-12U-GPU-246:324715:324768 [7] NCCL INFO NVLS multicast support is not available on dev 7
NH-DC-NM129-I06-12U-GPU-246:324715:324768 [7] NCCL INFO comm 0x889daf0 rank 7 nRanks 8 nNodes 1 localRanks 8 localRank 7 MNNVL 0
NH-DC-NM129-I06-12U-GPU-246:324715:324768 [7] NCCL INFO Trees [0] -1/-1/-1->7->6 [1] -1/-1/-1->7->6 [2] -1/-1/-1->7->6 [3] -1/-1/-1->7->6 [4] -1/-1/-1->7->6 [5] -1/-1/-1->7->6 [6] -1/-1/-1->7->6 [7] -1/-1/-1->7->6 [8] -1/-1/-1->7->6 [9] -1/-1/-1->7->6 [10] -1/-1/-1->7->6 [11] -1/-1/-1->7->6 [12] -1/-1/-1->7->6 [13] -1/-1/-1->7->6 [14] -1/-1/-1->7->6 [15] -1/-1/-1->7->6 [16] -1/-1/-1->7->6 [17] -1/-1/-1->7->6 [18] -1/-1/-1->7->6 [19] -1/-1/-1->7->6 [20] -1/-1/-1->7->6 [21] -1/-1/-1->7->6 [22] -1/-1/-1->7->6 [23] -1/-1/-1->7->6
NH-DC-NM129-I06-12U-GPU-246:324715:324768 [7] NCCL INFO P2P Chunksize set to 524288
NH-DC-NM129-I06-12U-GPU-246:324715:324805 [7] NCCL INFO [Proxy Service] Device 7 CPU core 45
NH-DC-NM129-I06-12U-GPU-246:324715:324806 [7] NCCL INFO [Proxy Service UDS] Device 7 CPU core 46
NH-DC-NM129-I06-12U-GPU-246:324715:324768 [7] NCCL INFO threadThresholds 8/8/64 | 64/8/64 | 512 | 512
NH-DC-NM129-I06-12U-GPU-246:324715:324768 [7] NCCL INFO 24 coll channels, 24 collnet channels, 0 nvls channels, 32 p2p channels, 32 p2p channels per peer
NH-DC-NM129-I06-12U-GPU-246:324715:324768 [7] NCCL INFO TUNER/Plugin: Could not find: libnccl-tuner.so. Using internal tuner plugin.
NH-DC-NM129-I06-12U-GPU-246:324715:324768 [7] NCCL INFO ncclCommInitRankConfig comm 0x889daf0 rank 7 nranks 8 cudaDev 7 nvmlDev 7 busId d7000 commId 0xb796b64b3cc56110 - Init COMPLETE
NH-DC-NM129-I06-12U-GPU-246:324715:324768 [7] NCCL INFO Init timings - ncclCommInitRankConfig: rank 7 nranks 8 total 0.77 (kernels 0.14, alloc 0.16, bootstrap 0.04, allgathers 0.01, topo 0.34, graphs 0.00, connections 0.06, rest 0.01)
NH-DC-NM129-I06-12U-GPU-246:324715:324821 [7] NCCL INFO Channel 00/0 : 7[7] -> 0[0] via P2P/CUMEM/read
NH-DC-NM129-I06-12U-GPU-246:324715:324821 [7] NCCL INFO Channel 01/0 : 7[7] -> 0[0] via P2P/CUMEM/read
NH-DC-NM129-I06-12U-GPU-246:324715:324821 [7] NCCL INFO Channel 02/0 : 7[7] -> 0[0] via P2P/CUMEM/read
NH-DC-NM129-I06-12U-GPU-246:324715:324821 [7] NCCL INFO Channel 03/0 : 7[7] -> 0[0] via P2P/CUMEM/read
NH-DC-NM129-I06-12U-GPU-246:324715:324821 [7] NCCL INFO Channel 04/0 : 7[7] -> 0[0] via P2P/CUMEM/read
NH-DC-NM129-I06-12U-GPU-246:324715:324821 [7] NCCL INFO Channel 05/0 : 7[7] -> 0[0] via P2P/CUMEM/read
NH-DC-NM129-I06-12U-GPU-246:324715:324821 [7] NCCL INFO Channel 06/0 : 7[7] -> 0[0] via P2P/CUMEM/read
NH-DC-NM129-I06-12U-GPU-246:324715:324821 [7] NCCL INFO Channel 07/0 : 7[7] -> 0[0] via P2P/CUMEM/read
NH-DC-NM129-I06-12U-GPU-246:324715:324821 [7] NCCL INFO Channel 08/0 : 7[7] -> 0[0] via P2P/CUMEM/read
NH-DC-NM129-I06-12U-GPU-246:324715:324821 [7] NCCL INFO Channel 09/0 : 7[7] -> 0[0] via P2P/CUMEM/read
NH-DC-NM129-I06-12U-GPU-246:324715:324821 [7] NCCL INFO Channel 10/0 : 7[7] -> 0[0] via P2P/CUMEM/read
NH-DC-NM129-I06-12U-GPU-246:324715:324821 [7] NCCL INFO Channel 11/0 : 7[7] -> 0[0] via P2P/CUMEM/read
NH-DC-NM129-I06-12U-GPU-246:324715:324821 [7] NCCL INFO Channel 12/0 : 7[7] -> 0[0] via P2P/CUMEM/read
NH-DC-NM129-I06-12U-GPU-246:324715:324821 [7] NCCL INFO Channel 13/0 : 7[7] -> 0[0] via P2P/CUMEM/read
NH-DC-NM129-I06-12U-GPU-246:324715:324821 [7] NCCL INFO Channel 14/0 : 7[7] -> 0[0] via P2P/CUMEM/read
NH-DC-NM129-I06-12U-GPU-246:324715:324821 [7] NCCL INFO Channel 15/0 : 7[7] -> 0[0] via P2P/CUMEM/read
NH-DC-NM129-I06-12U-GPU-246:324715:324821 [7] NCCL INFO Channel 16/0 : 7[7] -> 0[0] via P2P/CUMEM/read
NH-DC-NM129-I06-12U-GPU-246:324715:324821 [7] NCCL INFO Channel 17/0 : 7[7] -> 0[0] via P2P/CUMEM/read
NH-DC-NM129-I06-12U-GPU-246:324715:324821 [7] NCCL INFO Channel 18/0 : 7[7] -> 0[0] via P2P/CUMEM/read
NH-DC-NM129-I06-12U-GPU-246:324715:324821 [7] NCCL INFO Channel 19/0 : 7[7] -> 0[0] via P2P/CUMEM/read
NH-DC-NM129-I06-12U-GPU-246:324715:324821 [7] NCCL INFO Channel 20/0 : 7[7] -> 0[0] via P2P/CUMEM/read
NH-DC-NM129-I06-12U-GPU-246:324715:324821 [7] NCCL INFO Channel 21/0 : 7[7] -> 0[0] via P2P/CUMEM/read
NH-DC-NM129-I06-12U-GPU-246:324715:324821 [7] NCCL INFO Channel 22/0 : 7[7] -> 0[0] via P2P/CUMEM/read
NH-DC-NM129-I06-12U-GPU-246:324715:324821 [7] NCCL INFO Channel 23/0 : 7[7] -> 0[0] via P2P/CUMEM/read
NH-DC-NM129-I06-12U-GPU-246:324715:324821 [7] NCCL INFO Connected all rings, use ring PXN 0 GDR 1
NH-DC-NM129-I06-12U-GPU-246:324715:325240 [7] NCCL INFO misc/socket.cc:64 -> 3
NH-DC-NM129-I06-12U-GPU-246:324715:325240 [7] NCCL INFO misc/socket.cc:80 -> 3
NH-DC-NM129-I06-12U-GPU-246:324715:325240 [7] NCCL INFO misc/socket.cc:829 -> 3
NH-DC-NM129-I06-12U-GPU-246:324715:325240 [7] NCCL INFO misc/socket.cc:64 -> 3
NH-DC-NM129-I06-12U-GPU-246:324715:325240 [7] NCCL INFO misc/socket.cc:80 -> 3
NH-DC-NM129-I06-12U-GPU-246:324715:325240 [7] NCCL INFO misc/socket.cc:829 -> 3
NH-DC-NM129-I06-12U-GPU-246:324715:325240 [7] NCCL INFO misc/socket.cc:64 -> 3
NH-DC-NM129-I06-12U-GPU-246:324715:325240 [7] NCCL INFO misc/socket.cc:80 -> 3
NH-DC-NM129-I06-12U-GPU-246:324715:325240 [7] NCCL INFO misc/socket.cc:829 -> 3
NH-DC-NM129-I06-12U-GPU-246:324715:324805 [7] NCCL INFO misc/socket.cc:881 -> 3
NH-DC-NM129-I06-12U-GPU-246:324715:324805 [7] NCCL INFO misc/socket.cc:881 -> 3
NH-DC-NM129-I06-12U-GPU-246:324715:324805 [7] NCCL INFO misc/socket.cc:881 -> 3
NH-DC-NM129-I06-12U-GPU-246:324715:325240 [7] NCCL INFO comm 0x889daf0 rank 7 nranks 8 cudaDev 7 busId d7000 - Abort COMPLETE
