NH-DC-NM129-I06-12U-GPU-246:324708:324708 [0] NCCL INFO Bootstrap: Using ens24np0:192.172.11.2<0>
NH-DC-NM129-I06-12U-GPU-246:324708:324708 [0] NCCL INFO cudaDriverVersion 12030
NH-DC-NM129-I06-12U-GPU-246:324708:324708 [0] NCCL INFO NCCL version 2.26.2+cuda12.2
NH-DC-NM129-I06-12U-GPU-246:324708:324708 [0] NCCL INFO Comm config Blocking set to 1
NH-DC-NM129-I06-12U-GPU-246:324708:324747 [0] NCCL INFO NET/Plugin: Could not find: libnccl-net.so. Using internal net plugin.
NH-DC-NM129-I06-12U-GPU-246:324708:324747 [0] NCCL INFO NET/IB : Using [0]mlx5_cx6_3:1/RoCE [1]mlx5_cx6_2:1/RoCE [2]mlx5_cx4lx_3:1/RoCE [3]mlx5_cx6_1:1/RoCE [4]mlx5_cx6_0:1/RoCE [RO]; OOB ens24np0:192.172.11.2<0>
NH-DC-NM129-I06-12U-GPU-246:324708:324747 [0] NCCL INFO PROFILER/Plugin: Could not find: libnccl-profiler.so. 
NH-DC-NM129-I06-12U-GPU-246:324708:324747 [0] NCCL INFO Using network IB
NH-DC-NM129-I06-12U-GPU-246:324708:324747 [0] NCCL INFO ncclCommInitRankConfig comm 0x8541180 rank 0 nranks 8 cudaDev 0 nvmlDev 0 busId 51000 commId 0xb796b64b3cc56110 - Init START
NH-DC-NM129-I06-12U-GPU-246:324708:324747 [0] NCCL INFO RAS client listening socket at 127.0.0.1<28028>
NH-DC-NM129-I06-12U-GPU-246:324708:324747 [0] NCCL INFO Bootstrap timings total 0.458805 (create 0.000026, send 0.000096, recv 0.445302, ring 0.013050, delay 0.000000)
NH-DC-NM129-I06-12U-GPU-246:324708:324747 [0] NCCL INFO Setting affinity for GPU 0 to ffffffff,00000000,ffffffff
NH-DC-NM129-I06-12U-GPU-246:324708:324747 [0] NCCL INFO NVLS multicast support is not available on dev 0
NH-DC-NM129-I06-12U-GPU-246:324708:324747 [0] NCCL INFO comm 0x8541180 rank 0 nRanks 8 nNodes 1 localRanks 8 localRank 0 MNNVL 0
NH-DC-NM129-I06-12U-GPU-246:324708:324747 [0] NCCL INFO Channel 00/24 : 0 1 3 2 4 5 6 7
NH-DC-NM129-I06-12U-GPU-246:324708:324747 [0] NCCL INFO Channel 01/24 : 0 1 3 2 4 5 6 7
NH-DC-NM129-I06-12U-GPU-246:324708:324747 [0] NCCL INFO Channel 02/24 : 0 1 3 2 4 5 6 7
NH-DC-NM129-I06-12U-GPU-246:324708:324747 [0] NCCL INFO Channel 03/24 : 0 1 3 2 4 5 6 7
NH-DC-NM129-I06-12U-GPU-246:324708:324747 [0] NCCL INFO Channel 04/24 : 0 1 3 2 4 5 6 7
NH-DC-NM129-I06-12U-GPU-246:324708:324747 [0] NCCL INFO Channel 05/24 : 0 1 3 2 4 5 6 7
NH-DC-NM129-I06-12U-GPU-246:324708:324747 [0] NCCL INFO Channel 06/24 : 0 1 3 2 4 5 6 7
NH-DC-NM129-I06-12U-GPU-246:324708:324747 [0] NCCL INFO Channel 07/24 : 0 1 3 2 4 5 6 7
NH-DC-NM129-I06-12U-GPU-246:324708:324747 [0] NCCL INFO Channel 08/24 : 0 1 3 2 4 5 6 7
NH-DC-NM129-I06-12U-GPU-246:324708:324747 [0] NCCL INFO Channel 09/24 : 0 1 3 2 4 5 6 7
NH-DC-NM129-I06-12U-GPU-246:324708:324747 [0] NCCL INFO Channel 10/24 : 0 1 3 2 4 5 6 7
NH-DC-NM129-I06-12U-GPU-246:324708:324747 [0] NCCL INFO Channel 11/24 : 0 1 3 2 4 5 6 7
NH-DC-NM129-I06-12U-GPU-246:324708:324747 [0] NCCL INFO Channel 12/24 : 0 1 3 2 4 5 6 7
NH-DC-NM129-I06-12U-GPU-246:324708:324747 [0] NCCL INFO Channel 13/24 : 0 1 3 2 4 5 6 7
NH-DC-NM129-I06-12U-GPU-246:324708:324747 [0] NCCL INFO Channel 14/24 : 0 1 3 2 4 5 6 7
NH-DC-NM129-I06-12U-GPU-246:324708:324747 [0] NCCL INFO Channel 15/24 : 0 1 3 2 4 5 6 7
NH-DC-NM129-I06-12U-GPU-246:324708:324747 [0] NCCL INFO Channel 16/24 : 0 1 3 2 4 5 6 7
NH-DC-NM129-I06-12U-GPU-246:324708:324747 [0] NCCL INFO Channel 17/24 : 0 1 3 2 4 5 6 7
NH-DC-NM129-I06-12U-GPU-246:324708:324747 [0] NCCL INFO Channel 18/24 : 0 1 3 2 4 5 6 7
NH-DC-NM129-I06-12U-GPU-246:324708:324747 [0] NCCL INFO Channel 19/24 : 0 1 3 2 4 5 6 7
NH-DC-NM129-I06-12U-GPU-246:324708:324747 [0] NCCL INFO Channel 20/24 : 0 1 3 2 4 5 6 7
NH-DC-NM129-I06-12U-GPU-246:324708:324747 [0] NCCL INFO Channel 21/24 : 0 1 3 2 4 5 6 7
NH-DC-NM129-I06-12U-GPU-246:324708:324747 [0] NCCL INFO Channel 22/24 : 0 1 3 2 4 5 6 7
NH-DC-NM129-I06-12U-GPU-246:324708:324747 [0] NCCL INFO Channel 23/24 : 0 1 3 2 4 5 6 7
NH-DC-NM129-I06-12U-GPU-246:324708:324747 [0] NCCL INFO Trees [0] 1/-1/-1->0->-1 [1] 1/-1/-1->0->-1 [2] 1/-1/-1->0->-1 [3] 1/-1/-1->0->-1 [4] 1/-1/-1->0->-1 [5] 1/-1/-1->0->-1 [6] 1/-1/-1->0->-1 [7] 1/-1/-1->0->-1 [8] 1/-1/-1->0->-1 [9] 1/-1/-1->0->-1 [10] 1/-1/-1->0->-1 [11] 1/-1/-1->0->-1 [12] 1/-1/-1->0->-1 [13] 1/-1/-1->0->-1 [14] 1/-1/-1->0->-1 [15] 1/-1/-1->0->-1 [16] 1/-1/-1->0->-1 [17] 1/-1/-1->0->-1 [18] 1/-1/-1->0->-1 [19] 1/-1/-1->0->-1 [20] 1/-1/-1->0->-1 [21] 1/-1/-1->0->-1 [22] 1/-1/-1->0->-1 [23] 1/-1/-1->0->-1
NH-DC-NM129-I06-12U-GPU-246:324708:324747 [0] NCCL INFO P2P Chunksize set to 524288
NH-DC-NM129-I06-12U-GPU-246:324708:324747 [0] NCCL INFO Check P2P Type intraNodeP2pSupport 1 directMode 0
NH-DC-NM129-I06-12U-GPU-246:324708:324817 [0] NCCL INFO [Proxy Service] Device 0 CPU core 87
NH-DC-NM129-I06-12U-GPU-246:324708:324818 [0] NCCL INFO [Proxy Service UDS] Device 0 CPU core 24
NH-DC-NM129-I06-12U-GPU-246:324708:324747 [0] NCCL INFO threadThresholds 8/8/64 | 64/8/64 | 512 | 512
NH-DC-NM129-I06-12U-GPU-246:324708:324747 [0] NCCL INFO 24 coll channels, 24 collnet channels, 0 nvls channels, 32 p2p channels, 32 p2p channels per peer
NH-DC-NM129-I06-12U-GPU-246:324708:324747 [0] NCCL INFO CC Off, workFifoBytes 1048576
NH-DC-NM129-I06-12U-GPU-246:324708:324747 [0] NCCL INFO TUNER/Plugin: Could not find: libnccl-tuner.so. Using internal tuner plugin.
NH-DC-NM129-I06-12U-GPU-246:324708:324747 [0] NCCL INFO ncclCommInitRankConfig comm 0x8541180 rank 0 nranks 8 cudaDev 0 nvmlDev 0 busId 51000 commId 0xb796b64b3cc56110 - Init COMPLETE
NH-DC-NM129-I06-12U-GPU-246:324708:324747 [0] NCCL INFO Init timings - ncclCommInitRankConfig: rank 0 nranks 8 total 1.71 (kernels 0.35, alloc 0.47, bootstrap 0.46, allgathers 0.01, topo 0.34, graphs 0.00, connections 0.04, rest 0.03)
NH-DC-NM129-I06-12U-GPU-246:324708:324827 [0] NCCL INFO Channel 00/0 : 0[0] -> 1[1] via P2P/CUMEM/read
NH-DC-NM129-I06-12U-GPU-246:324708:324827 [0] NCCL INFO Channel 01/0 : 0[0] -> 1[1] via P2P/CUMEM/read
NH-DC-NM129-I06-12U-GPU-246:324708:324827 [0] NCCL INFO Channel 02/0 : 0[0] -> 1[1] via P2P/CUMEM/read
NH-DC-NM129-I06-12U-GPU-246:324708:324827 [0] NCCL INFO Channel 03/0 : 0[0] -> 1[1] via P2P/CUMEM/read
NH-DC-NM129-I06-12U-GPU-246:324708:324827 [0] NCCL INFO Channel 04/0 : 0[0] -> 1[1] via P2P/CUMEM/read
NH-DC-NM129-I06-12U-GPU-246:324708:324827 [0] NCCL INFO Channel 05/0 : 0[0] -> 1[1] via P2P/CUMEM/read
NH-DC-NM129-I06-12U-GPU-246:324708:324827 [0] NCCL INFO Channel 06/0 : 0[0] -> 1[1] via P2P/CUMEM/read
NH-DC-NM129-I06-12U-GPU-246:324708:324827 [0] NCCL INFO Channel 07/0 : 0[0] -> 1[1] via P2P/CUMEM/read
NH-DC-NM129-I06-12U-GPU-246:324708:324827 [0] NCCL INFO Channel 08/0 : 0[0] -> 1[1] via P2P/CUMEM/read
NH-DC-NM129-I06-12U-GPU-246:324708:324827 [0] NCCL INFO Channel 09/0 : 0[0] -> 1[1] via P2P/CUMEM/read
NH-DC-NM129-I06-12U-GPU-246:324708:324827 [0] NCCL INFO Channel 10/0 : 0[0] -> 1[1] via P2P/CUMEM/read
NH-DC-NM129-I06-12U-GPU-246:324708:324827 [0] NCCL INFO Channel 11/0 : 0[0] -> 1[1] via P2P/CUMEM/read
NH-DC-NM129-I06-12U-GPU-246:324708:324827 [0] NCCL INFO Channel 12/0 : 0[0] -> 1[1] via P2P/CUMEM/read
NH-DC-NM129-I06-12U-GPU-246:324708:324827 [0] NCCL INFO Channel 13/0 : 0[0] -> 1[1] via P2P/CUMEM/read
NH-DC-NM129-I06-12U-GPU-246:324708:324827 [0] NCCL INFO Channel 14/0 : 0[0] -> 1[1] via P2P/CUMEM/read
NH-DC-NM129-I06-12U-GPU-246:324708:324827 [0] NCCL INFO Channel 15/0 : 0[0] -> 1[1] via P2P/CUMEM/read
NH-DC-NM129-I06-12U-GPU-246:324708:324827 [0] NCCL INFO Channel 16/0 : 0[0] -> 1[1] via P2P/CUMEM/read
NH-DC-NM129-I06-12U-GPU-246:324708:324827 [0] NCCL INFO Channel 17/0 : 0[0] -> 1[1] via P2P/CUMEM/read
NH-DC-NM129-I06-12U-GPU-246:324708:324827 [0] NCCL INFO Channel 18/0 : 0[0] -> 1[1] via P2P/CUMEM/read
NH-DC-NM129-I06-12U-GPU-246:324708:324827 [0] NCCL INFO Channel 19/0 : 0[0] -> 1[1] via P2P/CUMEM/read
NH-DC-NM129-I06-12U-GPU-246:324708:324827 [0] NCCL INFO Channel 20/0 : 0[0] -> 1[1] via P2P/CUMEM/read
NH-DC-NM129-I06-12U-GPU-246:324708:324827 [0] NCCL INFO Channel 21/0 : 0[0] -> 1[1] via P2P/CUMEM/read
NH-DC-NM129-I06-12U-GPU-246:324708:324827 [0] NCCL INFO Channel 22/0 : 0[0] -> 1[1] via P2P/CUMEM/read
NH-DC-NM129-I06-12U-GPU-246:324708:324827 [0] NCCL INFO Channel 23/0 : 0[0] -> 1[1] via P2P/CUMEM/read
NH-DC-NM129-I06-12U-GPU-246:324708:324827 [0] NCCL INFO Connected all rings, use ring PXN 0 GDR 1
NH-DC-NM129-I06-12U-GPU-246:324708:325247 [0] NCCL INFO misc/socket.cc:64 -> 3
NH-DC-NM129-I06-12U-GPU-246:324708:325247 [0] NCCL INFO misc/socket.cc:80 -> 3
NH-DC-NM129-I06-12U-GPU-246:324708:324817 [0] NCCL INFO misc/socket.cc:881 -> 3
NH-DC-NM129-I06-12U-GPU-246:324708:325247 [0] NCCL INFO misc/socket.cc:829 -> 3
NH-DC-NM129-I06-12U-GPU-246:324708:325247 [0] NCCL INFO misc/socket.cc:64 -> 3
NH-DC-NM129-I06-12U-GPU-246:324708:325247 [0] NCCL INFO misc/socket.cc:80 -> 3
NH-DC-NM129-I06-12U-GPU-246:324708:325247 [0] NCCL INFO misc/socket.cc:829 -> 3
NH-DC-NM129-I06-12U-GPU-246:324708:325247 [0] NCCL INFO misc/socket.cc:64 -> 3
NH-DC-NM129-I06-12U-GPU-246:324708:325247 [0] NCCL INFO misc/socket.cc:80 -> 3
NH-DC-NM129-I06-12U-GPU-246:324708:325247 [0] NCCL INFO misc/socket.cc:829 -> 3
NH-DC-NM129-I06-12U-GPU-246:324708:324817 [0] NCCL INFO misc/socket.cc:881 -> 3
NH-DC-NM129-I06-12U-GPU-246:324708:325247 [0] NCCL INFO comm 0x8541180 rank 0 nranks 8 cudaDev 0 busId 51000 - Abort COMPLETE
