NH-DC-NM129-I06-12U-GPU-246:320450:320450 [5] NCCL INFO cudaDriverVersion 12030
NH-DC-NM129-I06-12U-GPU-246:320450:320450 [5] NCCL INFO Bootstrap: Using ens24np0:192.172.11.2<0>
NH-DC-NM129-I06-12U-GPU-246:320450:320450 [5] NCCL INFO NCCL version 2.26.2+cuda12.2
NH-DC-NM129-I06-12U-GPU-246:320450:320450 [5] NCCL INFO Comm config Blocking set to 1
NH-DC-NM129-I06-12U-GPU-246:320450:320489 [5] NCCL INFO NET/Plugin: Could not find: libnccl-net.so. Using internal net plugin.
NH-DC-NM129-I06-12U-GPU-246:320450:320489 [5] NCCL INFO NET/IB : Using [0]mlx5_cx6_3:1/RoCE [1]mlx5_cx6_2:1/RoCE [2]mlx5_cx4lx_3:1/RoCE [3]mlx5_cx6_1:1/RoCE [4]mlx5_cx6_0:1/RoCE [RO]; OOB ens24np0:192.172.11.2<0>
NH-DC-NM129-I06-12U-GPU-246:320450:320489 [5] NCCL INFO PROFILER/Plugin: Could not find: libnccl-profiler.so. 
NH-DC-NM129-I06-12U-GPU-246:320450:320489 [5] NCCL INFO Using network IB
NH-DC-NM129-I06-12U-GPU-246:320450:320489 [5] NCCL INFO ncclCommInitRankConfig comm 0x8a878f0 rank 5 nranks 8 cudaDev 5 nvmlDev 5 busId 8f000 commId 0xa091309cd2afe254 - Init START
NH-DC-NM129-I06-12U-GPU-246:320450:320489 [5] NCCL INFO RAS client listening socket at 127.0.0.1<28028>
NH-DC-NM129-I06-12U-GPU-246:320450:320489 [5] NCCL INFO Bootstrap timings total 0.001013 (create 0.000024, send 0.000094, recv 0.000341, ring 0.000129, delay 0.000000)
NH-DC-NM129-I06-12U-GPU-246:320450:320489 [5] NCCL INFO Setting affinity for GPU 5 to ffffffff,00000000,ffffffff,00000000
NH-DC-NM129-I06-12U-GPU-246:320450:320489 [5] NCCL INFO NVLS multicast support is not available on dev 5
NH-DC-NM129-I06-12U-GPU-246:320450:320489 [5] NCCL INFO comm 0x8a878f0 rank 5 nRanks 8 nNodes 1 localRanks 8 localRank 5 MNNVL 0
NH-DC-NM129-I06-12U-GPU-246:320450:320489 [5] NCCL INFO Trees [0] 6/-1/-1->5->4 [1] 6/-1/-1->5->4 [2] 6/-1/-1->5->4 [3] 6/-1/-1->5->4 [4] 6/-1/-1->5->4 [5] 6/-1/-1->5->4 [6] 6/-1/-1->5->4 [7] 6/-1/-1->5->4 [8] 6/-1/-1->5->4 [9] 6/-1/-1->5->4 [10] 6/-1/-1->5->4 [11] 6/-1/-1->5->4 [12] 6/-1/-1->5->4 [13] 6/-1/-1->5->4 [14] 6/-1/-1->5->4 [15] 6/-1/-1->5->4 [16] 6/-1/-1->5->4 [17] 6/-1/-1->5->4 [18] 6/-1/-1->5->4 [19] 6/-1/-1->5->4 [20] 6/-1/-1->5->4 [21] 6/-1/-1->5->4 [22] 6/-1/-1->5->4 [23] 6/-1/-1->5->4
NH-DC-NM129-I06-12U-GPU-246:320450:320489 [5] NCCL INFO P2P Chunksize set to 524288
NH-DC-NM129-I06-12U-GPU-246:320450:320543 [5] NCCL INFO [Proxy Service UDS] Device 5 CPU core 41
NH-DC-NM129-I06-12U-GPU-246:320450:320542 [5] NCCL INFO [Proxy Service] Device 5 CPU core 102
NH-DC-NM129-I06-12U-GPU-246:320450:320489 [5] NCCL INFO threadThresholds 8/8/64 | 64/8/64 | 512 | 512
NH-DC-NM129-I06-12U-GPU-246:320450:320489 [5] NCCL INFO 24 coll channels, 24 collnet channels, 0 nvls channels, 32 p2p channels, 32 p2p channels per peer
NH-DC-NM129-I06-12U-GPU-246:320450:320489 [5] NCCL INFO TUNER/Plugin: Could not find: libnccl-tuner.so. Using internal tuner plugin.
NH-DC-NM129-I06-12U-GPU-246:320450:320489 [5] NCCL INFO ncclCommInitRankConfig comm 0x8a878f0 rank 5 nranks 8 cudaDev 5 nvmlDev 5 busId 8f000 commId 0xa091309cd2afe254 - Init COMPLETE
NH-DC-NM129-I06-12U-GPU-246:320450:320489 [5] NCCL INFO Init timings - ncclCommInitRankConfig: rank 5 nranks 8 total 0.83 (kernels 0.15, alloc 0.28, bootstrap 0.00, allgathers 0.01, topo 0.31, graphs 0.00, connections 0.06, rest 0.02)
NH-DC-NM129-I06-12U-GPU-246:320450:320558 [5] NCCL INFO Channel 00/0 : 5[5] -> 6[6] via P2P/CUMEM/read
NH-DC-NM129-I06-12U-GPU-246:320450:320558 [5] NCCL INFO Channel 01/0 : 5[5] -> 6[6] via P2P/CUMEM/read
NH-DC-NM129-I06-12U-GPU-246:320450:320558 [5] NCCL INFO Channel 02/0 : 5[5] -> 6[6] via P2P/CUMEM/read
NH-DC-NM129-I06-12U-GPU-246:320450:320558 [5] NCCL INFO Channel 03/0 : 5[5] -> 6[6] via P2P/CUMEM/read
NH-DC-NM129-I06-12U-GPU-246:320450:320558 [5] NCCL INFO Channel 04/0 : 5[5] -> 6[6] via P2P/CUMEM/read
NH-DC-NM129-I06-12U-GPU-246:320450:320558 [5] NCCL INFO Channel 05/0 : 5[5] -> 6[6] via P2P/CUMEM/read
NH-DC-NM129-I06-12U-GPU-246:320450:320558 [5] NCCL INFO Channel 06/0 : 5[5] -> 6[6] via P2P/CUMEM/read
NH-DC-NM129-I06-12U-GPU-246:320450:320558 [5] NCCL INFO Channel 07/0 : 5[5] -> 6[6] via P2P/CUMEM/read
NH-DC-NM129-I06-12U-GPU-246:320450:320558 [5] NCCL INFO Channel 08/0 : 5[5] -> 6[6] via P2P/CUMEM/read
NH-DC-NM129-I06-12U-GPU-246:320450:320558 [5] NCCL INFO Channel 09/0 : 5[5] -> 6[6] via P2P/CUMEM/read
NH-DC-NM129-I06-12U-GPU-246:320450:320558 [5] NCCL INFO Channel 10/0 : 5[5] -> 6[6] via P2P/CUMEM/read
NH-DC-NM129-I06-12U-GPU-246:320450:320558 [5] NCCL INFO Channel 11/0 : 5[5] -> 6[6] via P2P/CUMEM/read
NH-DC-NM129-I06-12U-GPU-246:320450:320558 [5] NCCL INFO Channel 12/0 : 5[5] -> 6[6] via P2P/CUMEM/read
NH-DC-NM129-I06-12U-GPU-246:320450:320558 [5] NCCL INFO Channel 13/0 : 5[5] -> 6[6] via P2P/CUMEM/read
NH-DC-NM129-I06-12U-GPU-246:320450:320558 [5] NCCL INFO Channel 14/0 : 5[5] -> 6[6] via P2P/CUMEM/read
NH-DC-NM129-I06-12U-GPU-246:320450:320558 [5] NCCL INFO Channel 15/0 : 5[5] -> 6[6] via P2P/CUMEM/read
NH-DC-NM129-I06-12U-GPU-246:320450:320558 [5] NCCL INFO Channel 16/0 : 5[5] -> 6[6] via P2P/CUMEM/read
NH-DC-NM129-I06-12U-GPU-246:320450:320558 [5] NCCL INFO Channel 17/0 : 5[5] -> 6[6] via P2P/CUMEM/read
NH-DC-NM129-I06-12U-GPU-246:320450:320558 [5] NCCL INFO Channel 18/0 : 5[5] -> 6[6] via P2P/CUMEM/read
NH-DC-NM129-I06-12U-GPU-246:320450:320558 [5] NCCL INFO Channel 19/0 : 5[5] -> 6[6] via P2P/CUMEM/read
NH-DC-NM129-I06-12U-GPU-246:320450:320558 [5] NCCL INFO Channel 20/0 : 5[5] -> 6[6] via P2P/CUMEM/read
NH-DC-NM129-I06-12U-GPU-246:320450:320558 [5] NCCL INFO Channel 21/0 : 5[5] -> 6[6] via P2P/CUMEM/read
NH-DC-NM129-I06-12U-GPU-246:320450:320558 [5] NCCL INFO Channel 22/0 : 5[5] -> 6[6] via P2P/CUMEM/read
NH-DC-NM129-I06-12U-GPU-246:320450:320558 [5] NCCL INFO Channel 23/0 : 5[5] -> 6[6] via P2P/CUMEM/read
NH-DC-NM129-I06-12U-GPU-246:320450:320558 [5] NCCL INFO Connected all rings, use ring PXN 0 GDR 1
NH-DC-NM129-I06-12U-GPU-246:320450:320980 [5] NCCL INFO misc/socket.cc:64 -> 3
NH-DC-NM129-I06-12U-GPU-246:320450:320980 [5] NCCL INFO misc/socket.cc:80 -> 3
NH-DC-NM129-I06-12U-GPU-246:320450:320980 [5] NCCL INFO misc/socket.cc:829 -> 3
NH-DC-NM129-I06-12U-GPU-246:320450:320980 [5] NCCL INFO misc/socket.cc:64 -> 3
NH-DC-NM129-I06-12U-GPU-246:320450:320980 [5] NCCL INFO misc/socket.cc:80 -> 3
NH-DC-NM129-I06-12U-GPU-246:320450:320980 [5] NCCL INFO misc/socket.cc:829 -> 3
NH-DC-NM129-I06-12U-GPU-246:320450:320542 [5] NCCL INFO misc/socket.cc:881 -> 3
NH-DC-NM129-I06-12U-GPU-246:320450:320980 [5] NCCL INFO misc/socket.cc:64 -> 3
NH-DC-NM129-I06-12U-GPU-246:320450:320980 [5] NCCL INFO misc/socket.cc:80 -> 3
NH-DC-NM129-I06-12U-GPU-246:320450:320980 [5] NCCL INFO misc/socket.cc:829 -> 3
NH-DC-NM129-I06-12U-GPU-246:320450:320542 [5] NCCL INFO misc/socket.cc:881 -> 3
NH-DC-NM129-I06-12U-GPU-246:320450:320980 [5] NCCL INFO comm 0x8a878f0 rank 5 nranks 8 cudaDev 5 busId 8f000 - Abort COMPLETE
