NH-DC-NM129-I06-12U-GPU-246:320448:320448 [3] NCCL INFO cudaDriverVersion 12030
NH-DC-NM129-I06-12U-GPU-246:320448:320448 [3] NCCL INFO Bootstrap: Using ens24np0:192.172.11.2<0>
NH-DC-NM129-I06-12U-GPU-246:320448:320448 [3] NCCL INFO NCCL version 2.26.2+cuda12.2
NH-DC-NM129-I06-12U-GPU-246:320448:320448 [3] NCCL INFO Comm config Blocking set to 1
NH-DC-NM129-I06-12U-GPU-246:320448:320492 [3] NCCL INFO NET/Plugin: Could not find: libnccl-net.so. Using internal net plugin.
NH-DC-NM129-I06-12U-GPU-246:320448:320492 [3] NCCL INFO NET/IB : Using [0]mlx5_cx6_3:1/RoCE [1]mlx5_cx6_2:1/RoCE [2]mlx5_cx4lx_3:1/RoCE [3]mlx5_cx6_1:1/RoCE [4]mlx5_cx6_0:1/RoCE [RO]; OOB ens24np0:192.172.11.2<0>
NH-DC-NM129-I06-12U-GPU-246:320448:320492 [3] NCCL INFO PROFILER/Plugin: Could not find: libnccl-profiler.so. 
NH-DC-NM129-I06-12U-GPU-246:320448:320492 [3] NCCL INFO Using network IB
NH-DC-NM129-I06-12U-GPU-246:320448:320492 [3] NCCL INFO ncclCommInitRankConfig comm 0x89b4310 rank 3 nranks 8 cudaDev 3 nvmlDev 3 busId 71000 commId 0xa091309cd2afe254 - Init START
NH-DC-NM129-I06-12U-GPU-246:320448:320492 [3] NCCL INFO RAS client listening socket at 127.0.0.1<28028>
NH-DC-NM129-I06-12U-GPU-246:320448:320492 [3] NCCL INFO Bootstrap timings total 0.098771 (create 0.000023, send 0.000100, recv 0.058771, ring 0.030700, delay 0.000000)
NH-DC-NM129-I06-12U-GPU-246:320448:320492 [3] NCCL INFO Setting affinity for GPU 3 to ffffffff,00000000,ffffffff
NH-DC-NM129-I06-12U-GPU-246:320448:320492 [3] NCCL INFO NVLS multicast support is not available on dev 3
NH-DC-NM129-I06-12U-GPU-246:320448:320492 [3] NCCL INFO comm 0x89b4310 rank 3 nRanks 8 nNodes 1 localRanks 8 localRank 3 MNNVL 0
NH-DC-NM129-I06-12U-GPU-246:320448:320492 [3] NCCL INFO Trees [0] 2/-1/-1->3->1 [1] 2/-1/-1->3->1 [2] 2/-1/-1->3->1 [3] 2/-1/-1->3->1 [4] 2/-1/-1->3->1 [5] 2/-1/-1->3->1 [6] 2/-1/-1->3->1 [7] 2/-1/-1->3->1 [8] 2/-1/-1->3->1 [9] 2/-1/-1->3->1 [10] 2/-1/-1->3->1 [11] 2/-1/-1->3->1 [12] 2/-1/-1->3->1 [13] 2/-1/-1->3->1 [14] 2/-1/-1->3->1 [15] 2/-1/-1->3->1 [16] 2/-1/-1->3->1 [17] 2/-1/-1->3->1 [18] 2/-1/-1->3->1 [19] 2/-1/-1->3->1 [20] 2/-1/-1->3->1 [21] 2/-1/-1->3->1 [22] 2/-1/-1->3->1 [23] 2/-1/-1->3->1
NH-DC-NM129-I06-12U-GPU-246:320448:320492 [3] NCCL INFO P2P Chunksize set to 524288
NH-DC-NM129-I06-12U-GPU-246:320448:320554 [3] NCCL INFO [Proxy Service] Device 3 CPU core 4
NH-DC-NM129-I06-12U-GPU-246:320448:320555 [3] NCCL INFO [Proxy Service UDS] Device 3 CPU core 75
NH-DC-NM129-I06-12U-GPU-246:320448:320492 [3] NCCL INFO threadThresholds 8/8/64 | 64/8/64 | 512 | 512
NH-DC-NM129-I06-12U-GPU-246:320448:320492 [3] NCCL INFO 24 coll channels, 24 collnet channels, 0 nvls channels, 32 p2p channels, 32 p2p channels per peer
NH-DC-NM129-I06-12U-GPU-246:320448:320492 [3] NCCL INFO TUNER/Plugin: Could not find: libnccl-tuner.so. Using internal tuner plugin.
NH-DC-NM129-I06-12U-GPU-246:320448:320492 [3] NCCL INFO ncclCommInitRankConfig comm 0x89b4310 rank 3 nranks 8 cudaDev 3 nvmlDev 3 busId 71000 commId 0xa091309cd2afe254 - Init COMPLETE
NH-DC-NM129-I06-12U-GPU-246:320448:320492 [3] NCCL INFO Init timings - ncclCommInitRankConfig: rank 3 nranks 8 total 0.81 (kernels 0.15, alloc 0.17, bootstrap 0.10, allgathers 0.00, topo 0.31, graphs 0.00, connections 0.05, rest 0.03)
NH-DC-NM129-I06-12U-GPU-246:320448:320565 [3] NCCL INFO Channel 00/0 : 3[3] -> 2[2] via P2P/CUMEM/read
NH-DC-NM129-I06-12U-GPU-246:320448:320565 [3] NCCL INFO Channel 01/0 : 3[3] -> 2[2] via P2P/CUMEM/read
NH-DC-NM129-I06-12U-GPU-246:320448:320565 [3] NCCL INFO Channel 02/0 : 3[3] -> 2[2] via P2P/CUMEM/read
NH-DC-NM129-I06-12U-GPU-246:320448:320565 [3] NCCL INFO Channel 03/0 : 3[3] -> 2[2] via P2P/CUMEM/read
NH-DC-NM129-I06-12U-GPU-246:320448:320565 [3] NCCL INFO Channel 04/0 : 3[3] -> 2[2] via P2P/CUMEM/read
NH-DC-NM129-I06-12U-GPU-246:320448:320565 [3] NCCL INFO Channel 05/0 : 3[3] -> 2[2] via P2P/CUMEM/read
NH-DC-NM129-I06-12U-GPU-246:320448:320565 [3] NCCL INFO Channel 06/0 : 3[3] -> 2[2] via P2P/CUMEM/read
NH-DC-NM129-I06-12U-GPU-246:320448:320565 [3] NCCL INFO Channel 07/0 : 3[3] -> 2[2] via P2P/CUMEM/read
NH-DC-NM129-I06-12U-GPU-246:320448:320565 [3] NCCL INFO Channel 08/0 : 3[3] -> 2[2] via P2P/CUMEM/read
NH-DC-NM129-I06-12U-GPU-246:320448:320565 [3] NCCL INFO Channel 09/0 : 3[3] -> 2[2] via P2P/CUMEM/read
NH-DC-NM129-I06-12U-GPU-246:320448:320565 [3] NCCL INFO Channel 10/0 : 3[3] -> 2[2] via P2P/CUMEM/read
NH-DC-NM129-I06-12U-GPU-246:320448:320565 [3] NCCL INFO Channel 11/0 : 3[3] -> 2[2] via P2P/CUMEM/read
NH-DC-NM129-I06-12U-GPU-246:320448:320565 [3] NCCL INFO Channel 12/0 : 3[3] -> 2[2] via P2P/CUMEM/read
NH-DC-NM129-I06-12U-GPU-246:320448:320565 [3] NCCL INFO Channel 13/0 : 3[3] -> 2[2] via P2P/CUMEM/read
NH-DC-NM129-I06-12U-GPU-246:320448:320565 [3] NCCL INFO Channel 14/0 : 3[3] -> 2[2] via P2P/CUMEM/read
NH-DC-NM129-I06-12U-GPU-246:320448:320565 [3] NCCL INFO Channel 15/0 : 3[3] -> 2[2] via P2P/CUMEM/read
NH-DC-NM129-I06-12U-GPU-246:320448:320565 [3] NCCL INFO Channel 16/0 : 3[3] -> 2[2] via P2P/CUMEM/read
NH-DC-NM129-I06-12U-GPU-246:320448:320565 [3] NCCL INFO Channel 17/0 : 3[3] -> 2[2] via P2P/CUMEM/read
NH-DC-NM129-I06-12U-GPU-246:320448:320565 [3] NCCL INFO Channel 18/0 : 3[3] -> 2[2] via P2P/CUMEM/read
NH-DC-NM129-I06-12U-GPU-246:320448:320565 [3] NCCL INFO Channel 19/0 : 3[3] -> 2[2] via P2P/CUMEM/read
NH-DC-NM129-I06-12U-GPU-246:320448:320565 [3] NCCL INFO Channel 20/0 : 3[3] -> 2[2] via P2P/CUMEM/read
NH-DC-NM129-I06-12U-GPU-246:320448:320565 [3] NCCL INFO Channel 21/0 : 3[3] -> 2[2] via P2P/CUMEM/read
NH-DC-NM129-I06-12U-GPU-246:320448:320565 [3] NCCL INFO Channel 22/0 : 3[3] -> 2[2] via P2P/CUMEM/read
NH-DC-NM129-I06-12U-GPU-246:320448:320565 [3] NCCL INFO Channel 23/0 : 3[3] -> 2[2] via P2P/CUMEM/read
NH-DC-NM129-I06-12U-GPU-246:320448:320565 [3] NCCL INFO Connected all rings, use ring PXN 0 GDR 1
NH-DC-NM129-I06-12U-GPU-246:320448:320988 [3] NCCL INFO misc/socket.cc:64 -> 3
NH-DC-NM129-I06-12U-GPU-246:320448:320988 [3] NCCL INFO misc/socket.cc:80 -> 3
NH-DC-NM129-I06-12U-GPU-246:320448:320988 [3] NCCL INFO misc/socket.cc:829 -> 3
NH-DC-NM129-I06-12U-GPU-246:320448:320988 [3] NCCL INFO misc/socket.cc:64 -> 3
NH-DC-NM129-I06-12U-GPU-246:320448:320988 [3] NCCL INFO misc/socket.cc:80 -> 3
NH-DC-NM129-I06-12U-GPU-246:320448:320988 [3] NCCL INFO misc/socket.cc:829 -> 3
NH-DC-NM129-I06-12U-GPU-246:320448:320988 [3] NCCL INFO misc/socket.cc:64 -> 3
NH-DC-NM129-I06-12U-GPU-246:320448:320988 [3] NCCL INFO misc/socket.cc:80 -> 3
NH-DC-NM129-I06-12U-GPU-246:320448:320988 [3] NCCL INFO misc/socket.cc:829 -> 3
NH-DC-NM129-I06-12U-GPU-246:320448:320554 [3] NCCL INFO misc/socket.cc:881 -> 3
NH-DC-NM129-I06-12U-GPU-246:320448:320988 [3] NCCL INFO comm 0x89b4310 rank 3 nranks 8 cudaDev 3 busId 71000 - Abort COMPLETE
